-------------------------------------------------------------------------------
Test set: avl.AvlTreeTest$TestDelete2
-------------------------------------------------------------------------------
Tests run: 4, Failures: 0, Errors: 0, Skipped: 0, Time elapsed: 0.005 s - in avl.AvlTreeTest$TestDelete2
avl.AvlTreeTest$TestDelete2.testDeleteWithItemInLeftBranch  Time elapsed: 0.001 s
avl.AvlTreeTest$TestDelete2.testDeleteWithItemNotInTree  Time elapsed: 0.001 s
avl.AvlTreeTest$TestDelete2.testDeleteWithItemInRightBranch  Time elapsed: 0 s
avl.AvlTreeTest$TestDelete2.testDeleteWithItemInRoot  Time elapsed: 0 s
