-------------------------------------------------------------------------------
Test set: avl.AvlTreeTest$TestInsertNodeRight
-------------------------------------------------------------------------------
Tests run: 3, Failures: 0, Errors: 0, Skipped: 0, Time elapsed: 0.007 s - in avl.AvlTreeTest$TestInsertNodeRight
avl.AvlTreeTest$TestInsertNodeRight.InsertNodeRight_Without_AVLNode_InTheTree  Time elapsed: 0.001 s
avl.AvlTreeTest$TestInsertNodeRight.InsertNodeRight_With_AVLNode_InTheTree  Time elapsed: 0.001 s
avl.AvlTreeTest$TestInsertNodeRight.InsertNodeRightNull_Throws_NullPointerException  Time elapsed: 0.001 s
