-------------------------------------------------------------------------------
Test set: avl.AvlTreeTest$TestToString
-------------------------------------------------------------------------------
Tests run: 2, Failures: 0, Errors: 0, Skipped: 0, Time elapsed: 0.003 s - in avl.AvlTreeTest$TestToString
avl.AvlTreeTest$TestToString.Given_AVLTreeEmpty_When_ToString_Then_Blank  Time elapsed: 0.001 s
avl.AvlTreeTest$TestToString.Given_AVLTreeNotEmpty_When_ToString_Then_AVLNodeItem  Time elapsed: 0.001 s
