-------------------------------------------------------------------------------
Test set: avl.AvlTreeTest$TestDoubleLeftRotation
-------------------------------------------------------------------------------
Tests run: 3, Failures: 0, Errors: 0, Skipped: 0, Time elapsed: 0.017 s - in avl.AvlTreeTest$TestDoubleLeftRotation
avl.AvlTreeTest$TestDoubleLeftRotation.DoubleLeftRotation_With_AVLNode_InTheTree  Time elapsed: 0.001 s
avl.AvlTreeTest$TestDoubleLeftRotation.DoubleLeftRotationNull_Throws_NullPointerException  Time elapsed: 0.002 s
avl.AvlTreeTest$TestDoubleLeftRotation.DoubleLeftRotation_Without_AVLNode_InTheTree  Time elapsed: 0.004 s
