<?xml version="1.0" encoding="UTF-8"?>
<testsuite xmlns:xsi="http://www.w3.org/2001/XMLSchema-instance" xsi:noNamespaceSchemaLocation="https://maven.apache.org/surefire/maven-surefire-plugin/xsd/surefire-test-report-3.0.xsd" version="3.0" name="avl.AvlTreeTest$TestSearch" time="0.009" tests="5" errors="0" skipped="0" failures="0">
  <properties>
[...]
</properties>
  <testcase name="Given_AVLTreeWithElement3InRightBranch_When_Search3_Then_ReturnAVLNodeWithElement3" classname="avl.AvlTreeTest$TestSearch" time="0.001"/>
  <testcase name="Given_AVLTree_When_SearchNull_Then_ReturnNull" classname="avl.AvlTreeTest$TestSearch" time="0.002"/>
  <testcase name="Given_AVLTreeWithElement3InLeftBranch_When_Search3_Then_ReturnAVLNodeWithElement3" classname="avl.AvlTreeTest$TestSearch" time="0.001"/>
  <testcase name="Given_AVLTreeWithElement3InRoot_When_Search3_Then_ReturnAVLNodeWithElement3" classname="avl.AvlTreeTest$TestSearch" time="0.001"/>
  <testcase name="Given_AVLTreeWithNoElementsInside_When_Search3_Then_ReturnNull" classname="avl.AvlTreeTest$TestSearch" time="0.002"/>
</testsuite>